e:\hk hè\finalproject\ctfinalgame\ctfinalgame\debug\vc120.pdb
e:\hk hè\finalproject\ctfinalgame\ctfinalgame\debug\vc120.idb
e:\hk hè\finalproject\ctfinalgame\ctfinalgame\debug\contragame.obj
e:\hk hè\finalproject\ctfinalgame\ctfinalgame\debug\ctfinalgame.obj
e:\hk hè\finalproject\ctfinalgame\ctfinalgame\debug\animation.obj
e:\hk hè\finalproject\ctfinalgame\ctfinalgame\debug\devicemanager.obj
e:\hk hè\finalproject\ctfinalgame\ctfinalgame\debug\event.obj
e:\hk hè\finalproject\ctfinalgame\ctfinalgame\debug\gametime.obj
e:\hk hè\finalproject\ctfinalgame\ctfinalgame\debug\graphics.obj
e:\hk hè\finalproject\ctfinalgame\ctfinalgame\debug\icomponent.obj
e:\hk hè\finalproject\ctfinalgame\ctfinalgame\debug\inputcontroller.obj
e:\hk hè\finalproject\ctfinalgame\ctfinalgame\debug\scene.obj
e:\hk hè\finalproject\ctfinalgame\ctfinalgame\debug\scenemanager.obj
e:\hk hè\finalproject\ctfinalgame\ctfinalgame\debug\sprite.obj
e:\hk hè\finalproject\ctfinalgame\ctfinalgame\debug\spritemanager.obj
e:\hk hè\finalproject\ctfinalgame\ctfinalgame\debug\texture.obj
e:\hk hè\finalproject\ctfinalgame\ctfinalgame\debug\timespan.obj
e:\hk hè\finalproject\ctfinalgame\ctfinalgame\debug\transformable.obj
e:\hk hè\finalproject\ctfinalgame\ctfinalgame\debug\viewport.obj
e:\hk hè\finalproject\ctfinalgame\ctfinalgame\debug\game.obj
e:\hk hè\finalproject\ctfinalgame\ctfinalgame\debug\bill.obj
e:\hk hè\finalproject\ctfinalgame\ctfinalgame\debug\baseobject.obj
e:\hk hè\finalproject\ctfinalgame\ctfinalgame\debug\ctfinalgame.tlog\cl.command.1.tlog
e:\hk hè\finalproject\ctfinalgame\ctfinalgame\debug\ctfinalgame.tlog\cl.read.1.tlog
e:\hk hè\finalproject\ctfinalgame\ctfinalgame\debug\ctfinalgame.tlog\cl.write.1.tlog
